Arguments: 
  /usr/local/bin/node /opt/yarn-v1.22.19/bin/yarn.js start

PATH: 
  /project/home/pitcher-host/.nix-profile/bin:/nix/var/nix/profiles/default/bin:/project/home/pitcher-host/.local/state/fnm_multishells/29436_1681327950409/bin:/usr/share/fnm:/usr/local/sbin:/usr/local/bin:/usr/sbin:/usr/bin:/sbin:/bin

Yarn version: 
  1.22.19

Node version: 
  16.17.0

Platform: 
  linux x64

Trace: 
  SyntaxError: /project/wyng-test/package.json: Unexpected string in JSON at position 302
      at JSON.parse (<anonymous>)
      at /opt/yarn-v1.22.19/lib/cli.js:1629:59
      at Generator.next (<anonymous>)
      at step (/opt/yarn-v1.22.19/lib/cli.js:310:30)
      at /opt/yarn-v1.22.19/lib/cli.js:321:13

npm manifest: 
  {
    "name": "wyng-test",
    "version": "1.0.0",
    "description": "",
    "main": "index.html",
    "scripts": {
      "start": "parcel index.html --open",
      "build": "parcel build index.html"
    },
    "dependencies": {
      "parcel-bundler": "^1.6.1"
    },
    "devDependencies": {
      "@babel/core": "7.2.0"
      "typescript": "4.4.4"
    },
    "resolutions": {
      "@babel/preset-env": "7.13.8"
    },
    "keywords": []
  }

yarn manifest: 
  No manifest

Lockfile: 
  No lockfile
